<?xml version="1.0" encoding="UTF-8"?>
<!-- Generated by org.testng.reporters.JUnitReportReporter -->
<testsuite hostname="ngocvu" failures="0" tests="1" name="Test.Login" time="7.065" errors="0" timestamp="2022-02-07T14:34:34 ICT" skipped="0">
  <testcase classname="Test.Login" name="login" time="7.065"/>
  <system-out/>
</testsuite> <!-- Test.Login -->
